mode: set
github.com\dancapistan\gohtmlescaper\checker\attributes.go:50.45,61.2 3 1
github.com\dancapistan\gohtmlescaper\checker\attributes.go:63.44,67.2 3 1
github.com\dancapistan\gohtmlescaper\checker\attributes.go:83.45,85.2 1 1
github.com\dancapistan\gohtmlescaper\checker\attributes.go:101.53,104.19 1 1
github.com\dancapistan\gohtmlescaper\checker\attributes.go:109.2,109.47 1 1
github.com\dancapistan\gohtmlescaper\checker\attributes.go:113.2,113.71 1 1
github.com\dancapistan\gohtmlescaper\checker\attributes.go:118.2,118.35 1 1
github.com\dancapistan\gohtmlescaper\checker\attributes.go:104.19,106.3 1 0
github.com\dancapistan\gohtmlescaper\checker\attributes.go:109.47,111.3 1 1
github.com\dancapistan\gohtmlescaper\checker\attributes.go:113.71,115.3 1 1
github.com\dancapistan\gohtmlescaper\checker\attributes.go:130.57,133.52 1 1
github.com\dancapistan\gohtmlescaper\checker\attributes.go:138.2,138.35 1 1
github.com\dancapistan\gohtmlescaper\checker\attributes.go:133.52,135.3 1 1
github.com\dancapistan\gohtmlescaper\checker\attributes.go:150.57,153.51 1 1
github.com\dancapistan\gohtmlescaper\checker\attributes.go:158.2,158.35 1 1
github.com\dancapistan\gohtmlescaper\checker\attributes.go:153.51,155.3 1 1
github.com\dancapistan\gohtmlescaper\checker\attributes.go:173.45,177.6 2 1
github.com\dancapistan\gohtmlescaper\checker\attributes.go:177.6,179.16 2 1
github.com\dancapistan\gohtmlescaper\checker\attributes.go:183.3,183.38 1 1
github.com\dancapistan\gohtmlescaper\checker\attributes.go:179.16,181.4 1 1
github.com\dancapistan\gohtmlescaper\checker\attributes.go:183.38,185.4 1 1
github.com\dancapistan\gohtmlescaper\checker\attributes.go:205.68,207.2 1 0
github.com\dancapistan\gohtmlescaper\checker\attributes.go:215.74,227.34 4 1
github.com\dancapistan\gohtmlescaper\checker\attributes.go:268.2,269.15 2 1
github.com\dancapistan\gohtmlescaper\checker\attributes.go:227.34,230.30 2 1
github.com\dancapistan\gohtmlescaper\checker\attributes.go:230.30,234.62 1 1
github.com\dancapistan\gohtmlescaper\checker\attributes.go:238.4,246.36 2 1
github.com\dancapistan\gohtmlescaper\checker\attributes.go:234.62,235.13 1 1
github.com\dancapistan\gohtmlescaper\checker\attributes.go:246.36,249.33 2 1
github.com\dancapistan\gohtmlescaper\checker\attributes.go:255.5,259.42 4 1
github.com\dancapistan\gohtmlescaper\checker\attributes.go:249.33,253.6 3 1
github.com\dancapistan\gohtmlescaper\checker\attributes.go:259.42,260.11 1 1
github.com\dancapistan\gohtmlescaper\checker\attributes.go:274.47,276.2 1 0
github.com\dancapistan\gohtmlescaper\checker\characternames.go:10.49,12.2 1 1
github.com\dancapistan\gohtmlescaper\checker\characternames.go:17.44,20.21 2 1
github.com\dancapistan\gohtmlescaper\checker\characternames.go:26.2,26.44 1 1
github.com\dancapistan\gohtmlescaper\checker\characternames.go:20.21,25.3 1 1
github.com\dancapistan\gohtmlescaper\checker\id.go:24.43,29.17 2 1
github.com\dancapistan\gohtmlescaper\checker\id.go:35.2,38.26 4 1
github.com\dancapistan\gohtmlescaper\checker\id.go:44.2,44.26 1 1
github.com\dancapistan\gohtmlescaper\checker\id.go:58.2,58.13 1 1
github.com\dancapistan\gohtmlescaper\checker\id.go:29.17,31.3 1 1
github.com\dancapistan\gohtmlescaper\checker\id.go:38.26,40.3 1 1
github.com\dancapistan\gohtmlescaper\checker\id.go:44.26,52.15 1 1
github.com\dancapistan\gohtmlescaper\checker\id.go:52.15,55.4 1 1
github.com\dancapistan\gohtmlescaper\checker\id.go:74.43,84.2 3 1
github.com\dancapistan\gohtmlescaper\checker\id.go:95.42,96.18 1 1
github.com\dancapistan\gohtmlescaper\checker\id.go:100.2,100.61 1 1
github.com\dancapistan\gohtmlescaper\checker\id.go:96.18,98.3 1 1
github.com\dancapistan\gohtmlescaper\checker\id.go:137.45,139.19 1 1
github.com\dancapistan\gohtmlescaper\checker\id.go:143.2,147.27 4 1
github.com\dancapistan\gohtmlescaper\checker\id.go:252.2,252.13 1 1
github.com\dancapistan\gohtmlescaper\checker\id.go:139.19,141.3 1 1
github.com\dancapistan\gohtmlescaper\checker\id.go:147.27,148.13 1 1
github.com\dancapistan\gohtmlescaper\checker\id.go:156.3,156.13 1 1
github.com\dancapistan\gohtmlescaper\checker\id.go:168.3,168.19 1 1
github.com\dancapistan\gohtmlescaper\checker\id.go:174.3,174.23 1 1
github.com\dancapistan\gohtmlescaper\checker\id.go:182.3,182.33 1 1
github.com\dancapistan\gohtmlescaper\checker\id.go:190.3,190.33 1 1
github.com\dancapistan\gohtmlescaper\checker\id.go:202.3,202.33 1 1
github.com\dancapistan\gohtmlescaper\checker\id.go:214.3,214.33 1 1
github.com\dancapistan\gohtmlescaper\checker\id.go:223.3,223.19 1 1
github.com\dancapistan\gohtmlescaper\checker\id.go:237.3,237.117 1 1
github.com\dancapistan\gohtmlescaper\checker\id.go:243.3,243.15 1 1
github.com\dancapistan\gohtmlescaper\checker\id.go:249.3,249.15 1 1
github.com\dancapistan\gohtmlescaper\checker\id.go:148.13,151.36 2 1
github.com\dancapistan\gohtmlescaper\checker\id.go:151.36,153.5 1 1
github.com\dancapistan\gohtmlescaper\checker\id.go:156.13,161.20 2 1
github.com\dancapistan\gohtmlescaper\checker\id.go:161.20,162.58 1 1
github.com\dancapistan\gohtmlescaper\checker\id.go:162.58,164.6 1 1
github.com\dancapistan\gohtmlescaper\checker\id.go:168.19,170.4 1 1
github.com\dancapistan\gohtmlescaper\checker\id.go:174.23,177.12 3 1
github.com\dancapistan\gohtmlescaper\checker\id.go:182.33,185.12 3 1
github.com\dancapistan\gohtmlescaper\checker\id.go:190.33,192.18 2 1
github.com\dancapistan\gohtmlescaper\checker\id.go:197.4,197.12 1 1
github.com\dancapistan\gohtmlescaper\checker\id.go:192.18,194.5 1 1
github.com\dancapistan\gohtmlescaper\checker\id.go:194.6,196.5 1 1
github.com\dancapistan\gohtmlescaper\checker\id.go:202.33,204.18 2 1
github.com\dancapistan\gohtmlescaper\checker\id.go:209.4,209.12 1 1
github.com\dancapistan\gohtmlescaper\checker\id.go:204.18,206.5 1 1
github.com\dancapistan\gohtmlescaper\checker\id.go:206.6,208.5 1 1
github.com\dancapistan\gohtmlescaper\checker\id.go:214.33,217.12 3 1
github.com\dancapistan\gohtmlescaper\checker\id.go:223.19,227.12 4 1
github.com\dancapistan\gohtmlescaper\checker\id.go:237.117,240.12 3 1
github.com\dancapistan\gohtmlescaper\checker\id.go:243.15,246.12 3 1
github.com\dancapistan\gohtmlescaper\checker\names.go:15.38,17.2 1 1
github.com\dancapistan\gohtmlescaper\checker\names.go:23.42,25.2 1 0
github.com\dancapistan\gohtmlescaper\checker\tags.go:17.43,19.25 1 1
github.com\dancapistan\gohtmlescaper\checker\tags.go:32.2,32.13 1 1
github.com\dancapistan\gohtmlescaper\checker\tags.go:19.25,28.37 7 1
github.com\dancapistan\gohtmlescaper\checker\tags.go:28.37,30.4 1 1
